<?xml version="1.0" encoding="UTF-8"?>
<testsuite name="SimpleBankSystemTest" tests="1" skipped="0" failures="0" errors="0" timestamp="2020-09-24T06:22:14" hostname="localhost.localdomain" time="4.484">
  <properties/>
  <testcase name="start" classname="SimpleBankSystemTest" time="4.484"/>
  <system-out><![CDATA[?[1;31m
Start test 1?[0m
1. Create an account
2. Log into account
0. Exit

> 0
bye!
?[1;31m
Start test 2?[0m
1. Create an account
2. Log into account
0. Exit

> 0
bye!
?[1;31m
Start test 3?[0m
1. Create an account
2. Log into account
0. Exit

> 0
bye!
?[1;31m
Start test 4?[0m
1. Create an account
2. Log into account
0. Exit

> 0
bye!
?[1;31m
Start test 5?[0m
1. Create an account
2. Log into account
0. Exit

> 1

Your card has been created
Your card number:
4000009266342230
Your card PIN:
6667

1. Create an account
2. Log into account
0. Exit

> 1

Your card has been created
Your card number:
4000006055775612
Your card PIN:
6364

1. Create an account
2. Log into account
0. Exit

> 1

Your card has been created
Your card number:
4000004289637724
Your card PIN:
6870

1. Create an account
2. Log into account
0. Exit

> 1

Your card has been created
Your card number:
4000008194997347
Your card PIN:
3389

1. Create an account
2. Log into account
0. Exit

> 0
bye!
?[1;31m
Start test 6?[0m
1. Create an account
2. Log into account
0. Exit

> 1

Your card has been created
Your card number:
4000004717849271
Your card PIN:
7350

1. Create an account
2. Log into account
0. Exit

> 2
Enter your card number: 
> 4000004717849271
Enter your PIN:
> 7350
id: 5
balance: 0
card: Card number: 4000004717849271
Pin: 7350
sin npe
You have successfully logged in!

1. Balance
2. Add income
3. Do transfer
4. Close account
5. Log out
0. Exit

> 0
bye!
?[1;31m
Start test 7?[0m
1. Create an account
2. Log into account
0. Exit

> 1

Your card has been created
Your card number:
4000001911977064
Your card PIN:
4845

1. Create an account
2. Log into account
0. Exit

> 2
Enter your card number: 
> 4000001911977064
Enter your PIN:
> 4802
id: 6
balance: 0
card: Card number: 4000001911977064
Pin: 4845
sin npe
Wrong card number or PIN!

1. Create an account
2. Log into account
0. Exit

> 0
bye!
?[1;31m
Start test 8?[0m
1. Create an account
2. Log into account
0. Exit

> 1

Your card has been created
Your card number:
4000001952139376
Your card PIN:
7371

1. Create an account
2. Log into account
0. Exit

> 2
Enter your card number: 
> 400000610097249
Enter your PIN:
> 7371
null
sin npe
Wrong card number or PIN!

1. Create an account
2. Log into account
0. Exit

> 0
bye!
?[1;31m
Start test 9?[0m
1. Create an account
2. Log into account
0. Exit

> 1

Your card has been created
Your card number:
4000001466354453
Your card PIN:
9923

1. Create an account
2. Log into account
0. Exit

> 2
Enter your card number: 
> 4000001466354453
Enter your PIN:
> 9923
id: 8
balance: 0
card: Card number: 4000001466354453
Pin: 9923
sin npe
You have successfully logged in!

1. Balance
2. Add income
3. Do transfer
4. Close account
5. Log out
0. Exit

> 1
Balance: 0

1. Balance
2. Add income
3. Do transfer
4. Close account
5. Log out
0. Exit

> 0
bye!
?[1;31m
Start test 10?[0m
1. Create an account
2. Log into account
0. Exit

> 1

Your card has been created
Your card number:
4000009198225123
Your card PIN:
6119

1. Create an account
2. Log into account
0. Exit

> 2
Enter your card number: 
> 4000009198225123
Enter your PIN:
> 6119
id: 9
balance: 0
card: Card number: 4000009198225123
Pin: 6119
sin npe
You have successfully logged in!

1. Balance
2. Add income
3. Do transfer
4. Close account
5. Log out
0. Exit

> 2
Enter income:

> 10000
Income was added!
1. Balance
2. Add income
3. Do transfer
4. Close account
5. Log out
0. Exit

> 2
Enter income:

> 15000
Income was added!
1. Balance
2. Add income
3. Do transfer
4. Close account
5. Log out
0. Exit

> 0
bye!
?[1;31m
Start test 11?[0m
1. Create an account
2. Log into account
0. Exit

> 1

Your card has been created
Your card number:
4000003911707277
Your card PIN:
6410

1. Create an account
2. Log into account
0. Exit

> 2
Enter your card number: 
> 4000003911707277
Enter your PIN:
> 6410
id: 10
balance: 0
card: Card number: 4000003911707277
Pin: 6410
sin npe
You have successfully logged in!

1. Balance
2. Add income
3. Do transfer
4. Close account
5. Log out
0. Exit

> 4
The account has been closed!
1. Create an account
2. Log into account
0. Exit

> 0
bye!
]]></system-out>
  <system-err><![CDATA[]]></system-err>
</testsuite>
